apr 09, 2020 12:06:05 EM org.apache.catalina.core.AprLifecycleListener init
INFO: The APR based Apache Tomcat Native library which allows optimal performance in production environments was not found on the java.library.path: C:\Program Files\Java\jdk1.8.0_181\bin;C:\WINDOWS\Sun\Java\bin;C:\WINDOWS\system32;C:\WINDOWS;C:\VulkanSDK\1.1.92.1\Bin;C:\Ruby24-x64\bin;C:\apache-maven-3.6.1\bin;C:\Program Files\Java\jdk1.8.0_181\bin;C:\Program Files\Java\jre6\bin;\bin;C:\JAVAEE\wildfly-12.0.0.Final\bin;C:\Program Files\MATLAB\R2015b\bin\win64;C:\Perl64\site\bin;C:\Perl64\bin;C:\Program Files (x86)\Intel\iCLS Client\;C:\Program Files\Intel\iCLS Client\;C:\WINDOWS\system32;C:\WINDOWS;C:\WINDOWS\System32\Wbem;C:\WINDOWS\System32\WindowsPowerShell\v1.0\;C:\Program Files (x86)\EgisTec MyWinLocker\x64;C:\Program Files (x86)\EgisTec MyWinLocker\;C:\Program Files (x86)\Intel\OpenCL SDK\2.0\bin\x86;C:\Program Files (x86)\Intel\OpenCL SDK\2.0\bin\x64;C:\Program Files\Intel\Intel(R) Management Engine Components\DAL;C:\Program Files\Intel\Intel(R) Management Engine Components\IPT;C:\Program Files (x86)\Intel\Intel(R) Management Engine Components\DAL;C:\Program Files (x86)\Intel\Intel(R) Management Engine Components\IPT;c:\Program Files\Microsoft SQL Server\1;C:\WINDOWS\system32;C:\WINDOWS;C:\WINDOWS\System32\Wbem;C:\WINDOWS\System32\WindowsPowerShell\v1.0\;C:\WINDOWS\System32\OpenSSH\;C:\Program Files\dotnet\;C:\Program Files\Microsoft SQL Server\130\Tools\Binn\;C:\Program Files (x86)\IncrediBuild;C:\Program Files\Git\cmd;C:\cygwin64\bin;C:\PostgreSQL\pg11\bin;C:\PostgreSQL\pg96\bin;C:\PostgreSQL\pg96\lib;C:\apache-maven-3.6.1\bin;C:\spring\spring-2.1.4.RELEASE;C:\Program Files\Microsoft SQL Server\Client SDK\ODBC\170\Tools\Binn\;C:\Program Files\VTK\bin;c:\Projects\OpenCV\opencv;C:\Program Files\ITK\bin;F:\nodejs files\node-v13.11.0-win-x64\node-v13.11.0-win-x64;;C:\Program Files (x86)\Microsoft VS Code\bin;C:\Program Files\Docker\Docker\resources\bin;C:\ProgramData\DockerDesktop\version-bin;C:\Users\sohrab\scoop\shims;C:\Users\sohrab\AppData\Local\Programs\Python\Python37-32\Scripts\;C:\Users\sohrab\AppData\Local\Programs\Python\Python37-32\;C:\Program Files\MATLAB\R2015b\bin\win64;C:\Users\sohrab\AppData\Roaming\npm;C:\Program Files (x86)\Microsoft VS Code\bin;C:\Users\sohrab\AppData\Local\Microsoft\WindowsApps;C:\JAVAEE\wildfly-12.0.0.Final\bin;C:\Program Files\Java\jdk1.8.0_121;C:\Users\sohrab\.dotnet\tools;C:\spring\spring-2.1.4.RELEASE\bin;C:\Program Files\Java\jdk1.8.0_181\bin;C:\Users\sohrab\AppData\Local\Programs\Fiddler;C:\Program Files\VTK\bin;C:\Users\sohrab\AppData\Local\Microsoft\WindowsApps;C:\Program Files\ITK\bin;F:\nodejs files\node-v13.11.0-win-x64\node-v13.11.0-win-x64;;.
apr 09, 2020 12:06:06 EM org.apache.coyote.http11.Http11Protocol init
SEVERE: Error initializing endpoint
java.net.BindException: Address already in use: JVM_Bind<null>:8080
	at org.apache.tomcat.util.net.JIoEndpoint.init(JIoEndpoint.java:509)
	at org.apache.coyote.http11.Http11Protocol.init(Http11Protocol.java:176)
	at org.apache.catalina.connector.Connector.initialize(Connector.java:1058)
	at org.apache.catalina.core.StandardService.initialize(StandardService.java:677)
	at org.apache.catalina.core.StandardServer.initialize(StandardServer.java:795)
	at org.apache.catalina.startup.Catalina.load(Catalina.java:535)
	at org.apache.catalina.startup.Catalina.load(Catalina.java:555)
	at sun.reflect.NativeMethodAccessorImpl.invoke0(Native Method)
	at sun.reflect.NativeMethodAccessorImpl.invoke(NativeMethodAccessorImpl.java:62)
	at sun.reflect.DelegatingMethodAccessorImpl.invoke(DelegatingMethodAccessorImpl.java:43)
	at java.lang.reflect.Method.invoke(Method.java:498)
	at org.apache.catalina.startup.Bootstrap.load(Bootstrap.java:260)
	at org.apache.catalina.startup.Bootstrap.main(Bootstrap.java:412)

apr 09, 2020 12:06:06 EM org.apache.catalina.startup.Catalina load
SEVERE: Catalina.start
LifecycleException:  Protocol handler initialization failed: java.net.BindException: Address already in use: JVM_Bind<null>:8080
	at org.apache.catalina.connector.Connector.initialize(Connector.java:1060)
	at org.apache.catalina.core.StandardService.initialize(StandardService.java:677)
	at org.apache.catalina.core.StandardServer.initialize(StandardServer.java:795)
	at org.apache.catalina.startup.Catalina.load(Catalina.java:535)
	at org.apache.catalina.startup.Catalina.load(Catalina.java:555)
	at sun.reflect.NativeMethodAccessorImpl.invoke0(Native Method)
	at sun.reflect.NativeMethodAccessorImpl.invoke(NativeMethodAccessorImpl.java:62)
	at sun.reflect.DelegatingMethodAccessorImpl.invoke(DelegatingMethodAccessorImpl.java:43)
	at java.lang.reflect.Method.invoke(Method.java:498)
	at org.apache.catalina.startup.Bootstrap.load(Bootstrap.java:260)
	at org.apache.catalina.startup.Bootstrap.main(Bootstrap.java:412)

apr 09, 2020 12:06:06 EM org.apache.catalina.startup.Catalina load
INFO: Initialization processed in 1911 ms
apr 09, 2020 12:06:06 EM org.apache.catalina.core.StandardService start
INFO: Starting service Catalina
apr 09, 2020 12:06:06 EM org.apache.catalina.core.StandardEngine start
INFO: Starting Servlet Engine: Apache Tomcat/6.0.20
apr 09, 2020 12:06:07 EM org.apache.catalina.startup.HostConfig deployWAR
INFO: Deploying web application archive bookstore.war
apr 09, 2020 12:06:26 EM org.apache.coyote.http11.Http11Protocol start
SEVERE: Error starting endpoint
java.net.BindException: Address already in use: JVM_Bind<null>:8080
	at org.apache.tomcat.util.net.JIoEndpoint.init(JIoEndpoint.java:509)
	at org.apache.tomcat.util.net.JIoEndpoint.start(JIoEndpoint.java:526)
	at org.apache.coyote.http11.Http11Protocol.start(Http11Protocol.java:203)
	at org.apache.catalina.connector.Connector.start(Connector.java:1131)
	at org.apache.catalina.core.StandardService.start(StandardService.java:531)
	at org.apache.catalina.core.StandardServer.start(StandardServer.java:710)
	at org.apache.catalina.startup.Catalina.start(Catalina.java:583)
	at sun.reflect.NativeMethodAccessorImpl.invoke0(Native Method)
	at sun.reflect.NativeMethodAccessorImpl.invoke(NativeMethodAccessorImpl.java:62)
	at sun.reflect.DelegatingMethodAccessorImpl.invoke(DelegatingMethodAccessorImpl.java:43)
	at java.lang.reflect.Method.invoke(Method.java:498)
	at org.apache.catalina.startup.Bootstrap.start(Bootstrap.java:288)
	at org.apache.catalina.startup.Bootstrap.main(Bootstrap.java:413)

apr 09, 2020 12:06:26 EM org.apache.catalina.startup.Catalina start
SEVERE: Catalina.start: 
LifecycleException:  service.getName(): "Catalina";  Protocol handler start failed: java.net.BindException: Address already in use: JVM_Bind<null>:8080
	at org.apache.catalina.connector.Connector.start(Connector.java:1138)
	at org.apache.catalina.core.StandardService.start(StandardService.java:531)
	at org.apache.catalina.core.StandardServer.start(StandardServer.java:710)
	at org.apache.catalina.startup.Catalina.start(Catalina.java:583)
	at sun.reflect.NativeMethodAccessorImpl.invoke0(Native Method)
	at sun.reflect.NativeMethodAccessorImpl.invoke(NativeMethodAccessorImpl.java:62)
	at sun.reflect.DelegatingMethodAccessorImpl.invoke(DelegatingMethodAccessorImpl.java:43)
	at java.lang.reflect.Method.invoke(Method.java:498)
	at org.apache.catalina.startup.Bootstrap.start(Bootstrap.java:288)
	at org.apache.catalina.startup.Bootstrap.main(Bootstrap.java:413)

apr 09, 2020 12:06:26 EM org.apache.catalina.startup.Catalina start
INFO: Server startup in 19949 ms
apr 09, 2020 12:21:20 EM org.apache.coyote.http11.Http11Protocol pause
INFO: Pausing Coyote HTTP/1.1 on http-8080
apr 09, 2020 12:21:21 EM org.apache.catalina.core.StandardService stop
INFO: Stopping service Catalina
apr 09, 2020 12:21:31 EM org.apache.catalina.connector.MapperListener destroy
WARNING: Error unregistering MBeanServerDelegate
java.lang.NullPointerException
	at org.apache.catalina.connector.MapperListener.destroy(MapperListener.java:171)
	at org.apache.catalina.connector.Connector.stop(Connector.java:1179)
	at org.apache.catalina.core.StandardService.stop(StandardService.java:593)
	at org.apache.catalina.core.StandardServer.stop(StandardServer.java:744)
	at org.apache.catalina.startup.Catalina.stop(Catalina.java:633)
	at org.apache.catalina.startup.Catalina$CatalinaShutdownHook.run(Catalina.java:676)

apr 09, 2020 12:21:31 EM org.apache.coyote.http11.Http11Protocol destroy
INFO: Stopping Coyote HTTP/1.1 on http-8080
apr 09, 2020 12:21:31 EM org.apache.catalina.connector.Connector stop
SEVERE: Coyote connector has not been started
apr 09, 2020 12:29:21 EM org.apache.catalina.core.AprLifecycleListener init
INFO: The APR based Apache Tomcat Native library which allows optimal performance in production environments was not found on the java.library.path: C:\Program Files\Java\jdk1.8.0_181\bin;C:\WINDOWS\Sun\Java\bin;C:\WINDOWS\system32;C:\WINDOWS;C:\VulkanSDK\1.1.92.1\Bin;C:\Ruby24-x64\bin;C:\apache-maven-3.6.1\bin;C:\Program Files\Java\jdk1.8.0_181\bin;C:\Program Files\Java\jre6\bin;\bin;C:\JAVAEE\wildfly-12.0.0.Final\bin;C:\Program Files\MATLAB\R2015b\bin\win64;C:\Perl64\site\bin;C:\Perl64\bin;C:\Program Files (x86)\Intel\iCLS Client\;C:\Program Files\Intel\iCLS Client\;C:\WINDOWS\system32;C:\WINDOWS;C:\WINDOWS\System32\Wbem;C:\WINDOWS\System32\WindowsPowerShell\v1.0\;C:\Program Files (x86)\EgisTec MyWinLocker\x64;C:\Program Files (x86)\EgisTec MyWinLocker\;C:\Program Files (x86)\Intel\OpenCL SDK\2.0\bin\x86;C:\Program Files (x86)\Intel\OpenCL SDK\2.0\bin\x64;C:\Program Files\Intel\Intel(R) Management Engine Components\DAL;C:\Program Files\Intel\Intel(R) Management Engine Components\IPT;C:\Program Files (x86)\Intel\Intel(R) Management Engine Components\DAL;C:\Program Files (x86)\Intel\Intel(R) Management Engine Components\IPT;c:\Program Files\Microsoft SQL Server\1;C:\WINDOWS\system32;C:\WINDOWS;C:\WINDOWS\System32\Wbem;C:\WINDOWS\System32\WindowsPowerShell\v1.0\;C:\WINDOWS\System32\OpenSSH\;C:\Program Files\dotnet\;C:\Program Files\Microsoft SQL Server\130\Tools\Binn\;C:\Program Files (x86)\IncrediBuild;C:\Program Files\Git\cmd;C:\cygwin64\bin;C:\PostgreSQL\pg11\bin;C:\PostgreSQL\pg96\bin;C:\PostgreSQL\pg96\lib;C:\apache-maven-3.6.1\bin;C:\spring\spring-2.1.4.RELEASE;C:\Program Files\Microsoft SQL Server\Client SDK\ODBC\170\Tools\Binn\;C:\Program Files\VTK\bin;c:\Projects\OpenCV\opencv;C:\Program Files\ITK\bin;F:\nodejs files\node-v13.11.0-win-x64\node-v13.11.0-win-x64;;C:\Program Files (x86)\Microsoft VS Code\bin;C:\Program Files\Docker\Docker\resources\bin;C:\ProgramData\DockerDesktop\version-bin;C:\Users\sohrab\scoop\shims;C:\Users\sohrab\AppData\Local\Programs\Python\Python37-32\Scripts\;C:\Users\sohrab\AppData\Local\Programs\Python\Python37-32\;C:\Program Files\MATLAB\R2015b\bin\win64;C:\Users\sohrab\AppData\Roaming\npm;C:\Program Files (x86)\Microsoft VS Code\bin;C:\Users\sohrab\AppData\Local\Microsoft\WindowsApps;C:\JAVAEE\wildfly-12.0.0.Final\bin;C:\Program Files\Java\jdk1.8.0_121;C:\Users\sohrab\.dotnet\tools;C:\spring\spring-2.1.4.RELEASE\bin;C:\Program Files\Java\jdk1.8.0_181\bin;C:\Users\sohrab\AppData\Local\Programs\Fiddler;C:\Program Files\VTK\bin;C:\Users\sohrab\AppData\Local\Microsoft\WindowsApps;C:\Program Files\ITK\bin;F:\nodejs files\node-v13.11.0-win-x64\node-v13.11.0-win-x64;;.
apr 09, 2020 12:29:21 EM org.apache.coyote.http11.Http11Protocol init
SEVERE: Error initializing endpoint
java.net.BindException: Address already in use: JVM_Bind<null>:8080
	at org.apache.tomcat.util.net.JIoEndpoint.init(JIoEndpoint.java:509)
	at org.apache.coyote.http11.Http11Protocol.init(Http11Protocol.java:176)
	at org.apache.catalina.connector.Connector.initialize(Connector.java:1058)
	at org.apache.catalina.core.StandardService.initialize(StandardService.java:677)
	at org.apache.catalina.core.StandardServer.initialize(StandardServer.java:795)
	at org.apache.catalina.startup.Catalina.load(Catalina.java:535)
	at org.apache.catalina.startup.Catalina.load(Catalina.java:555)
	at sun.reflect.NativeMethodAccessorImpl.invoke0(Native Method)
	at sun.reflect.NativeMethodAccessorImpl.invoke(NativeMethodAccessorImpl.java:62)
	at sun.reflect.DelegatingMethodAccessorImpl.invoke(DelegatingMethodAccessorImpl.java:43)
	at java.lang.reflect.Method.invoke(Method.java:498)
	at org.apache.catalina.startup.Bootstrap.load(Bootstrap.java:260)
	at org.apache.catalina.startup.Bootstrap.main(Bootstrap.java:412)

apr 09, 2020 12:29:21 EM org.apache.catalina.startup.Catalina load
SEVERE: Catalina.start
LifecycleException:  Protocol handler initialization failed: java.net.BindException: Address already in use: JVM_Bind<null>:8080
	at org.apache.catalina.connector.Connector.initialize(Connector.java:1060)
	at org.apache.catalina.core.StandardService.initialize(StandardService.java:677)
	at org.apache.catalina.core.StandardServer.initialize(StandardServer.java:795)
	at org.apache.catalina.startup.Catalina.load(Catalina.java:535)
	at org.apache.catalina.startup.Catalina.load(Catalina.java:555)
	at sun.reflect.NativeMethodAccessorImpl.invoke0(Native Method)
	at sun.reflect.NativeMethodAccessorImpl.invoke(NativeMethodAccessorImpl.java:62)
	at sun.reflect.DelegatingMethodAccessorImpl.invoke(DelegatingMethodAccessorImpl.java:43)
	at java.lang.reflect.Method.invoke(Method.java:498)
	at org.apache.catalina.startup.Bootstrap.load(Bootstrap.java:260)
	at org.apache.catalina.startup.Bootstrap.main(Bootstrap.java:412)

apr 09, 2020 12:29:21 EM org.apache.catalina.startup.Catalina load
INFO: Initialization processed in 652 ms
apr 09, 2020 12:29:21 EM org.apache.catalina.core.StandardService start
INFO: Starting service Catalina
apr 09, 2020 12:29:21 EM org.apache.catalina.core.StandardEngine start
INFO: Starting Servlet Engine: Apache Tomcat/6.0.20
apr 09, 2020 12:29:23 EM org.apache.catalina.startup.HostConfig deployWAR
INFO: Deploying web application archive bookstore.war
apr 09, 2020 12:29:43 EM org.apache.coyote.http11.Http11Protocol start
SEVERE: Error starting endpoint
java.net.BindException: Address already in use: JVM_Bind<null>:8080
	at org.apache.tomcat.util.net.JIoEndpoint.init(JIoEndpoint.java:509)
	at org.apache.tomcat.util.net.JIoEndpoint.start(JIoEndpoint.java:526)
	at org.apache.coyote.http11.Http11Protocol.start(Http11Protocol.java:203)
	at org.apache.catalina.connector.Connector.start(Connector.java:1131)
	at org.apache.catalina.core.StandardService.start(StandardService.java:531)
	at org.apache.catalina.core.StandardServer.start(StandardServer.java:710)
	at org.apache.catalina.startup.Catalina.start(Catalina.java:583)
	at sun.reflect.NativeMethodAccessorImpl.invoke0(Native Method)
	at sun.reflect.NativeMethodAccessorImpl.invoke(NativeMethodAccessorImpl.java:62)
	at sun.reflect.DelegatingMethodAccessorImpl.invoke(DelegatingMethodAccessorImpl.java:43)
	at java.lang.reflect.Method.invoke(Method.java:498)
	at org.apache.catalina.startup.Bootstrap.start(Bootstrap.java:288)
	at org.apache.catalina.startup.Bootstrap.main(Bootstrap.java:413)

apr 09, 2020 12:29:43 EM org.apache.catalina.startup.Catalina start
SEVERE: Catalina.start: 
LifecycleException:  service.getName(): "Catalina";  Protocol handler start failed: java.net.BindException: Address already in use: JVM_Bind<null>:8080
	at org.apache.catalina.connector.Connector.start(Connector.java:1138)
	at org.apache.catalina.core.StandardService.start(StandardService.java:531)
	at org.apache.catalina.core.StandardServer.start(StandardServer.java:710)
	at org.apache.catalina.startup.Catalina.start(Catalina.java:583)
	at sun.reflect.NativeMethodAccessorImpl.invoke0(Native Method)
	at sun.reflect.NativeMethodAccessorImpl.invoke(NativeMethodAccessorImpl.java:62)
	at sun.reflect.DelegatingMethodAccessorImpl.invoke(DelegatingMethodAccessorImpl.java:43)
	at java.lang.reflect.Method.invoke(Method.java:498)
	at org.apache.catalina.startup.Bootstrap.start(Bootstrap.java:288)
	at org.apache.catalina.startup.Bootstrap.main(Bootstrap.java:413)

apr 09, 2020 12:29:43 EM org.apache.catalina.startup.Catalina start
INFO: Server startup in 21351 ms
apr 09, 2020 12:30:19 EM org.apache.catalina.core.StandardServer await
WARNING: StandardServer.await: Invalid command 'GET / HTTP/1.1' received
apr 09, 2020 12:30:26 EM org.apache.catalina.core.StandardServer await
WARNING: StandardServer.await: Invalid command '' received
apr 09, 2020 12:30:26 EM org.apache.catalina.core.StandardServer await
WARNING: StandardServer.await: Invalid command '' received
apr 09, 2020 12:30:26 EM org.apache.catalina.core.StandardServer await
WARNING: StandardServer.await: Invalid command 'GET / HTTP/1.1' received
apr 09, 2020 12:30:31 EM org.apache.catalina.core.StandardServer await
WARNING: StandardServer.await: Invalid command 'GET / HTTP/1.1' received
apr 09, 2020 12:30:31 EM org.apache.catalina.core.StandardServer await
WARNING: StandardServer.await: Invalid command 'GET / HTTP/1.1' received
apr 09, 2020 12:30:32 EM org.apache.catalina.core.StandardServer await
WARNING: StandardServer.await: Invalid command 'GET / HTTP/1.1' received
apr 09, 2020 12:30:36 EM org.apache.catalina.core.StandardServer await
WARNING: StandardServer.await: Invalid command '' received
apr 09, 2020 12:31:02 EM org.apache.catalina.core.StandardServer await
WARNING: StandardServer.await: Invalid command 'GET / HTTP/1.1' received
apr 09, 2020 12:31:09 EM org.apache.catalina.core.StandardServer await
WARNING: StandardServer.await: Invalid command '' received
apr 09, 2020 12:31:18 EM org.apache.coyote.http11.Http11Protocol pause
INFO: Pausing Coyote HTTP/1.1 on http-8080
apr 09, 2020 12:31:19 EM org.apache.catalina.core.StandardService stop
INFO: Stopping service Catalina
apr 09, 2020 12:31:23 EM org.apache.catalina.connector.MapperListener destroy
WARNING: Error unregistering MBeanServerDelegate
java.lang.NullPointerException
	at org.apache.catalina.connector.MapperListener.destroy(MapperListener.java:171)
	at org.apache.catalina.connector.Connector.stop(Connector.java:1179)
	at org.apache.catalina.core.StandardService.stop(StandardService.java:593)
	at org.apache.catalina.core.StandardServer.stop(StandardServer.java:744)
	at org.apache.catalina.startup.Catalina.stop(Catalina.java:633)
	at org.apache.catalina.startup.Catalina$CatalinaShutdownHook.run(Catalina.java:676)

apr 09, 2020 12:31:23 EM org.apache.coyote.http11.Http11Protocol destroy
INFO: Stopping Coyote HTTP/1.1 on http-8080
apr 09, 2020 12:31:23 EM org.apache.catalina.connector.Connector stop
SEVERE: Coyote connector has not been started
apr 09, 2020 12:33:14 EM org.apache.catalina.core.AprLifecycleListener init
INFO: The APR based Apache Tomcat Native library which allows optimal performance in production environments was not found on the java.library.path: C:\Program Files\Java\jdk1.8.0_181\bin;C:\WINDOWS\Sun\Java\bin;C:\WINDOWS\system32;C:\WINDOWS;C:\VulkanSDK\1.1.92.1\Bin;C:\Ruby24-x64\bin;C:\apache-maven-3.6.1\bin;C:\Program Files\Java\jdk1.8.0_181\bin;C:\Program Files\Java\jre6\bin;\bin;C:\JAVAEE\wildfly-12.0.0.Final\bin;C:\Program Files\MATLAB\R2015b\bin\win64;C:\Perl64\site\bin;C:\Perl64\bin;C:\Program Files (x86)\Intel\iCLS Client\;C:\Program Files\Intel\iCLS Client\;C:\WINDOWS\system32;C:\WINDOWS;C:\WINDOWS\System32\Wbem;C:\WINDOWS\System32\WindowsPowerShell\v1.0\;C:\Program Files (x86)\EgisTec MyWinLocker\x64;C:\Program Files (x86)\EgisTec MyWinLocker\;C:\Program Files (x86)\Intel\OpenCL SDK\2.0\bin\x86;C:\Program Files (x86)\Intel\OpenCL SDK\2.0\bin\x64;C:\Program Files\Intel\Intel(R) Management Engine Components\DAL;C:\Program Files\Intel\Intel(R) Management Engine Components\IPT;C:\Program Files (x86)\Intel\Intel(R) Management Engine Components\DAL;C:\Program Files (x86)\Intel\Intel(R) Management Engine Components\IPT;c:\Program Files\Microsoft SQL Server\1;C:\WINDOWS\system32;C:\WINDOWS;C:\WINDOWS\System32\Wbem;C:\WINDOWS\System32\WindowsPowerShell\v1.0\;C:\WINDOWS\System32\OpenSSH\;C:\Program Files\dotnet\;C:\Program Files\Microsoft SQL Server\130\Tools\Binn\;C:\Program Files (x86)\IncrediBuild;C:\Program Files\Git\cmd;C:\cygwin64\bin;C:\PostgreSQL\pg11\bin;C:\PostgreSQL\pg96\bin;C:\PostgreSQL\pg96\lib;C:\apache-maven-3.6.1\bin;C:\spring\spring-2.1.4.RELEASE;C:\Program Files\Microsoft SQL Server\Client SDK\ODBC\170\Tools\Binn\;C:\Program Files\VTK\bin;c:\Projects\OpenCV\opencv;C:\Program Files\ITK\bin;F:\nodejs files\node-v13.11.0-win-x64\node-v13.11.0-win-x64;;C:\Program Files (x86)\Microsoft VS Code\bin;C:\Program Files\Docker\Docker\resources\bin;C:\ProgramData\DockerDesktop\version-bin;C:\Users\sohrab\scoop\shims;C:\Users\sohrab\AppData\Local\Programs\Python\Python37-32\Scripts\;C:\Users\sohrab\AppData\Local\Programs\Python\Python37-32\;C:\Program Files\MATLAB\R2015b\bin\win64;C:\Users\sohrab\AppData\Roaming\npm;C:\Program Files (x86)\Microsoft VS Code\bin;C:\Users\sohrab\AppData\Local\Microsoft\WindowsApps;C:\JAVAEE\wildfly-12.0.0.Final\bin;C:\Program Files\Java\jdk1.8.0_121;C:\Users\sohrab\.dotnet\tools;C:\spring\spring-2.1.4.RELEASE\bin;C:\Program Files\Java\jdk1.8.0_181\bin;C:\Users\sohrab\AppData\Local\Programs\Fiddler;C:\Program Files\VTK\bin;C:\Users\sohrab\AppData\Local\Microsoft\WindowsApps;C:\Program Files\ITK\bin;F:\nodejs files\node-v13.11.0-win-x64\node-v13.11.0-win-x64;;.
apr 09, 2020 12:33:14 EM org.apache.coyote.http11.Http11Protocol init
INFO: Initializing Coyote HTTP/1.1 on http-8080
apr 09, 2020 12:33:14 EM org.apache.catalina.startup.Catalina load
INFO: Initialization processed in 658 ms
apr 09, 2020 12:33:14 EM org.apache.catalina.core.StandardService start
INFO: Starting service Catalina
apr 09, 2020 12:33:14 EM org.apache.catalina.core.StandardEngine start
INFO: Starting Servlet Engine: Apache Tomcat/6.0.20
apr 09, 2020 12:33:15 EM org.apache.catalina.startup.HostConfig deployWAR
INFO: Deploying web application archive bookstore.war
apr 09, 2020 12:33:28 EM org.apache.coyote.http11.Http11Protocol start
INFO: Starting Coyote HTTP/1.1 on http-8080
apr 09, 2020 12:33:28 EM org.apache.jk.common.ChannelSocket init
INFO: JK: ajp13 listening on /0.0.0.0:8009
apr 09, 2020 12:33:28 EM org.apache.jk.server.JkMain start
INFO: Jk running ID=0 time=0/143  config=null
apr 09, 2020 12:33:28 EM org.apache.catalina.startup.Catalina start
INFO: Server startup in 13546 ms
apr 09, 2020 12:44:57 EM org.apache.catalina.core.StandardContext reload
INFO: Reloading this Context has started
apr 09, 2020 12:45:00 EM org.apache.catalina.loader.WebappClassLoader modified
SEVERE:     Resource '/WEB-INF/lib/aopalliance-1.0.jar' is missing
apr 09, 2020 12:45:19 EM org.apache.catalina.core.StandardContext reload
INFO: Reloading this Context has started
apr 09, 2020 12:46:32 EM org.apache.catalina.core.StandardContext start
INFO: Container org.apache.catalina.core.ContainerBase.[Catalina].[localhost].[/bookstore] has already been started
apr 09, 2020 12:50:09 EM org.apache.catalina.startup.HostConfig checkResources
INFO: Undeploying context [/bookstore]
apr 09, 2020 12:50:43 EM org.apache.catalina.startup.HostConfig deployWAR
INFO: Deploying web application archive bookstore.war
apr 09, 2020 1:02:29 EM org.apache.coyote.http11.Http11Protocol pause
INFO: Pausing Coyote HTTP/1.1 on http-8080
apr 09, 2020 1:02:30 EM org.apache.catalina.core.StandardService stop
INFO: Stopping service Catalina
apr 09, 2020 1:02:40 EM org.apache.coyote.http11.Http11Protocol destroy
INFO: Stopping Coyote HTTP/1.1 on http-8080
apr 09, 2020 1:03:36 EM org.apache.catalina.core.AprLifecycleListener init
INFO: The APR based Apache Tomcat Native library which allows optimal performance in production environments was not found on the java.library.path: C:\Program Files\Java\jdk1.8.0_181\bin;C:\WINDOWS\Sun\Java\bin;C:\WINDOWS\system32;C:\WINDOWS;C:\VulkanSDK\1.1.92.1\Bin;C:\Ruby24-x64\bin;C:\apache-maven-3.6.1\bin;C:\Program Files\Java\jdk1.8.0_181\bin;C:\Program Files\Java\jre6\bin;\bin;C:\JAVAEE\wildfly-12.0.0.Final\bin;C:\Program Files\MATLAB\R2015b\bin\win64;C:\Perl64\site\bin;C:\Perl64\bin;C:\Program Files (x86)\Intel\iCLS Client\;C:\Program Files\Intel\iCLS Client\;C:\WINDOWS\system32;C:\WINDOWS;C:\WINDOWS\System32\Wbem;C:\WINDOWS\System32\WindowsPowerShell\v1.0\;C:\Program Files (x86)\EgisTec MyWinLocker\x64;C:\Program Files (x86)\EgisTec MyWinLocker\;C:\Program Files (x86)\Intel\OpenCL SDK\2.0\bin\x86;C:\Program Files (x86)\Intel\OpenCL SDK\2.0\bin\x64;C:\Program Files\Intel\Intel(R) Management Engine Components\DAL;C:\Program Files\Intel\Intel(R) Management Engine Components\IPT;C:\Program Files (x86)\Intel\Intel(R) Management Engine Components\DAL;C:\Program Files (x86)\Intel\Intel(R) Management Engine Components\IPT;c:\Program Files\Microsoft SQL Server\1;C:\WINDOWS\system32;C:\WINDOWS;C:\WINDOWS\System32\Wbem;C:\WINDOWS\System32\WindowsPowerShell\v1.0\;C:\WINDOWS\System32\OpenSSH\;C:\Program Files\dotnet\;C:\Program Files\Microsoft SQL Server\130\Tools\Binn\;C:\Program Files (x86)\IncrediBuild;C:\Program Files\Git\cmd;C:\cygwin64\bin;C:\PostgreSQL\pg11\bin;C:\PostgreSQL\pg96\bin;C:\PostgreSQL\pg96\lib;C:\apache-maven-3.6.1\bin;C:\spring\spring-2.1.4.RELEASE;C:\Program Files\Microsoft SQL Server\Client SDK\ODBC\170\Tools\Binn\;C:\Program Files\VTK\bin;c:\Projects\OpenCV\opencv;C:\Program Files\ITK\bin;F:\nodejs files\node-v13.11.0-win-x64\node-v13.11.0-win-x64;;C:\Program Files (x86)\Microsoft VS Code\bin;C:\Program Files\Docker\Docker\resources\bin;C:\ProgramData\DockerDesktop\version-bin;C:\Users\sohrab\scoop\shims;C:\Users\sohrab\AppData\Local\Programs\Python\Python37-32\Scripts\;C:\Users\sohrab\AppData\Local\Programs\Python\Python37-32\;C:\Program Files\MATLAB\R2015b\bin\win64;C:\Users\sohrab\AppData\Roaming\npm;C:\Program Files (x86)\Microsoft VS Code\bin;C:\Users\sohrab\AppData\Local\Microsoft\WindowsApps;C:\JAVAEE\wildfly-12.0.0.Final\bin;C:\Program Files\Java\jdk1.8.0_121;C:\Users\sohrab\.dotnet\tools;C:\spring\spring-2.1.4.RELEASE\bin;C:\Program Files\Java\jdk1.8.0_181\bin;C:\Users\sohrab\AppData\Local\Programs\Fiddler;C:\Program Files\VTK\bin;C:\Users\sohrab\AppData\Local\Microsoft\WindowsApps;C:\Program Files\ITK\bin;F:\nodejs files\node-v13.11.0-win-x64\node-v13.11.0-win-x64;;.
apr 09, 2020 1:03:36 EM org.apache.coyote.http11.Http11Protocol init
INFO: Initializing Coyote HTTP/1.1 on http-8080
apr 09, 2020 1:03:36 EM org.apache.catalina.startup.Catalina load
INFO: Initialization processed in 1696 ms
apr 09, 2020 1:03:36 EM org.apache.catalina.core.StandardService start
INFO: Starting service Catalina
apr 09, 2020 1:03:36 EM org.apache.catalina.core.StandardEngine start
INFO: Starting Servlet Engine: Apache Tomcat/6.0.20
apr 09, 2020 1:03:37 EM org.apache.catalina.startup.HostConfig deployWAR
INFO: Deploying web application archive bookstore.war
apr 09, 2020 1:03:53 EM org.apache.coyote.http11.Http11Protocol start
INFO: Starting Coyote HTTP/1.1 on http-8080
apr 09, 2020 1:03:54 EM org.apache.jk.common.ChannelSocket init
INFO: JK: ajp13 listening on /0.0.0.0:8009
apr 09, 2020 1:03:54 EM org.apache.jk.server.JkMain start
INFO: Jk running ID=0 time=1/54  config=null
apr 09, 2020 1:03:54 EM org.apache.catalina.startup.Catalina start
INFO: Server startup in 17889 ms
apr 09, 2020 1:04:43 EM org.apache.jasper.compiler.JDTCompiler$1 findType
SEVERE: Compilation error
org.eclipse.jdt.internal.compiler.classfmt.ClassFormatException
	at org.eclipse.jdt.internal.compiler.classfmt.ClassFileReader.<init>(ClassFileReader.java:342)
	at org.apache.jasper.compiler.JDTCompiler$1.findType(JDTCompiler.java:206)
	at org.apache.jasper.compiler.JDTCompiler$1.findType(JDTCompiler.java:163)
	at org.eclipse.jdt.internal.compiler.lookup.LookupEnvironment.askForType(LookupEnvironment.java:96)
	at org.eclipse.jdt.internal.compiler.lookup.UnresolvedReferenceBinding.resolve(UnresolvedReferenceBinding.java:49)
	at org.eclipse.jdt.internal.compiler.lookup.BinaryTypeBinding.resolveType(BinaryTypeBinding.java:97)
	at org.eclipse.jdt.internal.compiler.lookup.PackageBinding.getTypeOrPackage(PackageBinding.java:167)
	at org.eclipse.jdt.internal.compiler.lookup.Scope.getType(Scope.java:2187)
	at org.eclipse.jdt.internal.compiler.ast.TypeDeclaration.resolve(TypeDeclaration.java:974)
	at org.eclipse.jdt.internal.compiler.ast.TypeDeclaration.resolve(TypeDeclaration.java:1164)
	at org.eclipse.jdt.internal.compiler.ast.CompilationUnitDeclaration.resolve(CompilationUnitDeclaration.java:366)
	at org.eclipse.jdt.internal.compiler.Compiler.process(Compiler.java:623)
	at org.eclipse.jdt.internal.compiler.Compiler.compile(Compiler.java:392)
	at org.apache.jasper.compiler.JDTCompiler.generateClass(JDTCompiler.java:429)
	at org.apache.jasper.compiler.Compiler.compile(Compiler.java:334)
	at org.apache.jasper.compiler.Compiler.compile(Compiler.java:312)
	at org.apache.jasper.compiler.Compiler.compile(Compiler.java:299)
	at org.apache.jasper.JspCompilationContext.compile(JspCompilationContext.java:586)
	at org.apache.jasper.servlet.JspServletWrapper.service(JspServletWrapper.java:317)
	at org.apache.jasper.servlet.JspServlet.serviceJspFile(JspServlet.java:342)
	at org.apache.jasper.servlet.JspServlet.service(JspServlet.java:267)
	at javax.servlet.http.HttpServlet.service(HttpServlet.java:717)
	at org.apache.catalina.core.ApplicationFilterChain.internalDoFilter(ApplicationFilterChain.java:290)
	at org.apache.catalina.core.ApplicationFilterChain.doFilter(ApplicationFilterChain.java:206)
	at org.apache.catalina.core.ApplicationDispatcher.invoke(ApplicationDispatcher.java:646)
	at org.apache.catalina.core.ApplicationDispatcher.processRequest(ApplicationDispatcher.java:436)
	at org.apache.catalina.core.ApplicationDispatcher.doForward(ApplicationDispatcher.java:374)
	at org.apache.catalina.core.ApplicationDispatcher.forward(ApplicationDispatcher.java:302)
	at org.springframework.web.servlet.view.InternalResourceView.renderMergedOutputModel(InternalResourceView.java:238)
	at org.springframework.web.servlet.view.AbstractView.render(AbstractView.java:250)
	at org.springframework.web.servlet.DispatcherServlet.render(DispatcherServlet.java:1063)
	at org.springframework.web.servlet.DispatcherServlet.doDispatch(DispatcherServlet.java:801)
	at org.springframework.web.servlet.DispatcherServlet.doService(DispatcherServlet.java:719)
	at org.springframework.web.servlet.FrameworkServlet.processRequest(FrameworkServlet.java:644)
	at org.springframework.web.servlet.FrameworkServlet.doGet(FrameworkServlet.java:549)
	at javax.servlet.http.HttpServlet.service(HttpServlet.java:617)
	at javax.servlet.http.HttpServlet.service(HttpServlet.java:717)
	at org.apache.catalina.core.ApplicationFilterChain.internalDoFilter(ApplicationFilterChain.java:290)
	at org.apache.catalina.core.ApplicationFilterChain.doFilter(ApplicationFilterChain.java:206)
	at org.apache.catalina.core.StandardWrapperValve.invoke(StandardWrapperValve.java:233)
	at org.apache.catalina.core.StandardContextValve.invoke(StandardContextValve.java:191)
	at org.apache.catalina.core.StandardHostValve.invoke(StandardHostValve.java:128)
	at org.apache.catalina.valves.ErrorReportValve.invoke(ErrorReportValve.java:102)
	at org.apache.catalina.core.StandardEngineValve.invoke(StandardEngineValve.java:109)
	at org.apache.catalina.connector.CoyoteAdapter.service(CoyoteAdapter.java:293)
	at org.apache.coyote.http11.Http11Processor.process(Http11Processor.java:849)
	at org.apache.coyote.http11.Http11Protocol$Http11ConnectionHandler.process(Http11Protocol.java:583)
	at org.apache.tomcat.util.net.JIoEndpoint$Worker.run(JIoEndpoint.java:454)
	at java.lang.Thread.run(Thread.java:748)

apr 09, 2020 1:06:24 EM org.apache.catalina.startup.HostConfig checkResources
INFO: Undeploying context [/bookstore]
apr 09, 2020 1:06:28 EM org.apache.catalina.startup.HostConfig deployWAR
INFO: Deploying web application archive bookstore.war
apr 09, 2020 1:06:51 EM org.apache.coyote.http11.Http11Protocol pause
INFO: Pausing Coyote HTTP/1.1 on http-8080
apr 09, 2020 1:06:52 EM org.apache.catalina.core.StandardService stop
INFO: Stopping service Catalina
apr 09, 2020 1:06:56 EM org.apache.coyote.http11.Http11Protocol destroy
INFO: Stopping Coyote HTTP/1.1 on http-8080
apr 09, 2020 1:07:14 EM org.apache.catalina.core.AprLifecycleListener init
INFO: The APR based Apache Tomcat Native library which allows optimal performance in production environments was not found on the java.library.path: C:\Program Files\Java\jdk1.8.0_181\bin;C:\WINDOWS\Sun\Java\bin;C:\WINDOWS\system32;C:\WINDOWS;C:\VulkanSDK\1.1.92.1\Bin;C:\Ruby24-x64\bin;C:\apache-maven-3.6.1\bin;C:\Program Files\Java\jdk1.8.0_181\bin;C:\Program Files\Java\jre6\bin;\bin;C:\JAVAEE\wildfly-12.0.0.Final\bin;C:\Program Files\MATLAB\R2015b\bin\win64;C:\Perl64\site\bin;C:\Perl64\bin;C:\Program Files (x86)\Intel\iCLS Client\;C:\Program Files\Intel\iCLS Client\;C:\WINDOWS\system32;C:\WINDOWS;C:\WINDOWS\System32\Wbem;C:\WINDOWS\System32\WindowsPowerShell\v1.0\;C:\Program Files (x86)\EgisTec MyWinLocker\x64;C:\Program Files (x86)\EgisTec MyWinLocker\;C:\Program Files (x86)\Intel\OpenCL SDK\2.0\bin\x86;C:\Program Files (x86)\Intel\OpenCL SDK\2.0\bin\x64;C:\Program Files\Intel\Intel(R) Management Engine Components\DAL;C:\Program Files\Intel\Intel(R) Management Engine Components\IPT;C:\Program Files (x86)\Intel\Intel(R) Management Engine Components\DAL;C:\Program Files (x86)\Intel\Intel(R) Management Engine Components\IPT;c:\Program Files\Microsoft SQL Server\1;C:\WINDOWS\system32;C:\WINDOWS;C:\WINDOWS\System32\Wbem;C:\WINDOWS\System32\WindowsPowerShell\v1.0\;C:\WINDOWS\System32\OpenSSH\;C:\Program Files\dotnet\;C:\Program Files\Microsoft SQL Server\130\Tools\Binn\;C:\Program Files (x86)\IncrediBuild;C:\Program Files\Git\cmd;C:\cygwin64\bin;C:\PostgreSQL\pg11\bin;C:\PostgreSQL\pg96\bin;C:\PostgreSQL\pg96\lib;C:\apache-maven-3.6.1\bin;C:\spring\spring-2.1.4.RELEASE;C:\Program Files\Microsoft SQL Server\Client SDK\ODBC\170\Tools\Binn\;C:\Program Files\VTK\bin;c:\Projects\OpenCV\opencv;C:\Program Files\ITK\bin;F:\nodejs files\node-v13.11.0-win-x64\node-v13.11.0-win-x64;;C:\Program Files (x86)\Microsoft VS Code\bin;C:\Program Files\Docker\Docker\resources\bin;C:\ProgramData\DockerDesktop\version-bin;C:\Users\sohrab\scoop\shims;C:\Users\sohrab\AppData\Local\Programs\Python\Python37-32\Scripts\;C:\Users\sohrab\AppData\Local\Programs\Python\Python37-32\;C:\Program Files\MATLAB\R2015b\bin\win64;C:\Users\sohrab\AppData\Roaming\npm;C:\Program Files (x86)\Microsoft VS Code\bin;C:\Users\sohrab\AppData\Local\Microsoft\WindowsApps;C:\JAVAEE\wildfly-12.0.0.Final\bin;C:\Program Files\Java\jdk1.8.0_121;C:\Users\sohrab\.dotnet\tools;C:\spring\spring-2.1.4.RELEASE\bin;C:\Program Files\Java\jdk1.8.0_181\bin;C:\Users\sohrab\AppData\Local\Programs\Fiddler;C:\Program Files\VTK\bin;C:\Users\sohrab\AppData\Local\Microsoft\WindowsApps;C:\Program Files\ITK\bin;F:\nodejs files\node-v13.11.0-win-x64\node-v13.11.0-win-x64;;.
apr 09, 2020 1:07:14 EM org.apache.coyote.http11.Http11Protocol init
INFO: Initializing Coyote HTTP/1.1 on http-8080
apr 09, 2020 1:07:14 EM org.apache.catalina.startup.Catalina load
INFO: Initialization processed in 633 ms
apr 09, 2020 1:07:14 EM org.apache.catalina.core.StandardService start
INFO: Starting service Catalina
apr 09, 2020 1:07:14 EM org.apache.catalina.core.StandardEngine start
INFO: Starting Servlet Engine: Apache Tomcat/6.0.20
apr 09, 2020 1:07:15 EM org.apache.catalina.startup.HostConfig deployWAR
INFO: Deploying web application archive bookstore.war
apr 09, 2020 1:07:24 EM org.apache.coyote.http11.Http11Protocol start
INFO: Starting Coyote HTTP/1.1 on http-8080
apr 09, 2020 1:07:24 EM org.apache.jk.common.ChannelSocket init
INFO: JK: ajp13 listening on /0.0.0.0:8009
apr 09, 2020 1:07:24 EM org.apache.jk.server.JkMain start
INFO: Jk running ID=0 time=0/27  config=null
apr 09, 2020 1:07:24 EM org.apache.catalina.startup.Catalina start
INFO: Server startup in 9549 ms
apr 09, 2020 1:07:56 EM org.apache.jasper.compiler.JDTCompiler$1 findType
SEVERE: Compilation error
org.eclipse.jdt.internal.compiler.classfmt.ClassFormatException
	at org.eclipse.jdt.internal.compiler.classfmt.ClassFileReader.<init>(ClassFileReader.java:342)
	at org.apache.jasper.compiler.JDTCompiler$1.findType(JDTCompiler.java:206)
	at org.apache.jasper.compiler.JDTCompiler$1.findType(JDTCompiler.java:163)
	at org.eclipse.jdt.internal.compiler.lookup.LookupEnvironment.askForType(LookupEnvironment.java:96)
	at org.eclipse.jdt.internal.compiler.lookup.UnresolvedReferenceBinding.resolve(UnresolvedReferenceBinding.java:49)
	at org.eclipse.jdt.internal.compiler.lookup.BinaryTypeBinding.resolveType(BinaryTypeBinding.java:97)
	at org.eclipse.jdt.internal.compiler.lookup.PackageBinding.getTypeOrPackage(PackageBinding.java:167)
	at org.eclipse.jdt.internal.compiler.lookup.Scope.getType(Scope.java:2187)
	at org.eclipse.jdt.internal.compiler.ast.TypeDeclaration.resolve(TypeDeclaration.java:974)
	at org.eclipse.jdt.internal.compiler.ast.TypeDeclaration.resolve(TypeDeclaration.java:1164)
	at org.eclipse.jdt.internal.compiler.ast.CompilationUnitDeclaration.resolve(CompilationUnitDeclaration.java:366)
	at org.eclipse.jdt.internal.compiler.Compiler.process(Compiler.java:623)
	at org.eclipse.jdt.internal.compiler.Compiler.compile(Compiler.java:392)
	at org.apache.jasper.compiler.JDTCompiler.generateClass(JDTCompiler.java:429)
	at org.apache.jasper.compiler.Compiler.compile(Compiler.java:334)
	at org.apache.jasper.compiler.Compiler.compile(Compiler.java:312)
	at org.apache.jasper.compiler.Compiler.compile(Compiler.java:299)
	at org.apache.jasper.JspCompilationContext.compile(JspCompilationContext.java:586)
	at org.apache.jasper.servlet.JspServletWrapper.service(JspServletWrapper.java:317)
	at org.apache.jasper.servlet.JspServlet.serviceJspFile(JspServlet.java:342)
	at org.apache.jasper.servlet.JspServlet.service(JspServlet.java:267)
	at javax.servlet.http.HttpServlet.service(HttpServlet.java:717)
	at org.apache.catalina.core.ApplicationFilterChain.internalDoFilter(ApplicationFilterChain.java:290)
	at org.apache.catalina.core.ApplicationFilterChain.doFilter(ApplicationFilterChain.java:206)
	at org.apache.catalina.core.ApplicationDispatcher.invoke(ApplicationDispatcher.java:646)
	at org.apache.catalina.core.ApplicationDispatcher.processRequest(ApplicationDispatcher.java:436)
	at org.apache.catalina.core.ApplicationDispatcher.doForward(ApplicationDispatcher.java:374)
	at org.apache.catalina.core.ApplicationDispatcher.forward(ApplicationDispatcher.java:302)
	at org.springframework.web.servlet.view.InternalResourceView.renderMergedOutputModel(InternalResourceView.java:238)
	at org.springframework.web.servlet.view.AbstractView.render(AbstractView.java:250)
	at org.springframework.web.servlet.DispatcherServlet.render(DispatcherServlet.java:1063)
	at org.springframework.web.servlet.DispatcherServlet.doDispatch(DispatcherServlet.java:801)
	at org.springframework.web.servlet.DispatcherServlet.doService(DispatcherServlet.java:719)
	at org.springframework.web.servlet.FrameworkServlet.processRequest(FrameworkServlet.java:644)
	at org.springframework.web.servlet.FrameworkServlet.doGet(FrameworkServlet.java:549)
	at javax.servlet.http.HttpServlet.service(HttpServlet.java:617)
	at javax.servlet.http.HttpServlet.service(HttpServlet.java:717)
	at org.apache.catalina.core.ApplicationFilterChain.internalDoFilter(ApplicationFilterChain.java:290)
	at org.apache.catalina.core.ApplicationFilterChain.doFilter(ApplicationFilterChain.java:206)
	at org.apache.catalina.core.StandardWrapperValve.invoke(StandardWrapperValve.java:233)
	at org.apache.catalina.core.StandardContextValve.invoke(StandardContextValve.java:191)
	at org.apache.catalina.core.StandardHostValve.invoke(StandardHostValve.java:128)
	at org.apache.catalina.valves.ErrorReportValve.invoke(ErrorReportValve.java:102)
	at org.apache.catalina.core.StandardEngineValve.invoke(StandardEngineValve.java:109)
	at org.apache.catalina.connector.CoyoteAdapter.service(CoyoteAdapter.java:293)
	at org.apache.coyote.http11.Http11Processor.process(Http11Processor.java:849)
	at org.apache.coyote.http11.Http11Protocol$Http11ConnectionHandler.process(Http11Protocol.java:583)
	at org.apache.tomcat.util.net.JIoEndpoint$Worker.run(JIoEndpoint.java:454)
	at java.lang.Thread.run(Thread.java:748)

apr 09, 2020 2:14:13 EM org.apache.coyote.http11.Http11Protocol pause
INFO: Pausing Coyote HTTP/1.1 on http-8080
apr 09, 2020 2:14:15 EM org.apache.catalina.core.StandardService stop
INFO: Stopping service Catalina
apr 09, 2020 2:14:26 EM org.apache.coyote.http11.Http11Protocol destroy
INFO: Stopping Coyote HTTP/1.1 on http-8080
