apr 09, 2020 12:40:15 EM org.apache.catalina.core.ApplicationContext log
INFO: HTMLManager: init: Associated with Deployer 'Catalina:type=Deployer,host=localhost'
apr 09, 2020 12:40:15 EM org.apache.catalina.core.ApplicationContext log
INFO: HTMLManager: init: Global resources are available
apr 09, 2020 12:40:15 EM org.apache.catalina.core.ApplicationContext log
INFO: HTMLManager: list: Listing contexts for virtual host 'localhost'
apr 09, 2020 12:44:45 EM org.apache.catalina.core.ApplicationContext log
INFO: HTMLManager: list: Listing contexts for virtual host 'localhost'
apr 09, 2020 12:44:57 EM org.apache.catalina.core.ApplicationContext log
INFO: HTMLManager: restart: Reloading web application at '/bookstore'
apr 09, 2020 12:45:19 EM org.apache.catalina.core.ApplicationContext log
INFO: HTMLManager: list: Listing contexts for virtual host 'localhost'
apr 09, 2020 12:46:32 EM org.apache.catalina.core.ApplicationContext log
INFO: HTMLManager: start: Starting web application at '/bookstore'
apr 09, 2020 12:46:32 EM org.apache.catalina.core.ApplicationContext log
INFO: HTMLManager: list: Listing contexts for virtual host 'localhost'
apr 09, 2020 12:47:30 EM org.apache.catalina.core.ApplicationContext log
INFO: HTMLManager: list: Listing contexts for virtual host 'localhost'
apr 09, 2020 12:49:14 EM org.apache.catalina.core.ApplicationContext log
INFO: HTMLManager: list: Listing contexts for virtual host 'localhost'
apr 09, 2020 12:50:01 EM org.apache.catalina.core.ApplicationContext log
INFO: HTMLManager: undeploy: Undeploying web application at '/bookstore'
apr 09, 2020 12:50:12 EM org.apache.catalina.core.ApplicationContext log
INFO: HTMLManager: list: Listing contexts for virtual host 'localhost'
apr 09, 2020 12:50:13 EM org.apache.catalina.core.ApplicationContext log
INFO: HTMLManager: undeploy: Undeploying web application at '/bookstore'
apr 09, 2020 12:50:13 EM org.apache.catalina.core.ApplicationContext log
INFO: HTMLManager: list: Listing contexts for virtual host 'localhost'
apr 09, 2020 12:50:54 EM org.apache.catalina.core.ApplicationContext log
INFO: HTMLManager: list: Listing contexts for virtual host 'localhost'
